<?xml version="1.0" encoding="UTF-8"?>
<!-- Generated by org.testng.reporters.JUnitReportReporter -->
<testsuite hostname="DESKTOP-44LVSDI" failures="0" tests="2" name="FirstWebAutomation" time="23.073" errors="0" timestamp="2023-03-06T12:57:00 BDT" skipped="0">
  <testcase classname="FirstWebAutomation" name="openUrl" time="12.463"/>
  <system-out/>
  <testcase classname="FirstWebAutomation" name="login" time="10.610"/>
  <system-out/>
</testsuite> <!-- FirstWebAutomation -->
